\BOOKMARK [1][-]{section.1}{Introduction}{}% 1
\BOOKMARK [1][-]{section.2}{Background}{}% 2
\BOOKMARK [2][-]{subsection.2.1}{Autotune Background}{section.2}% 3
\BOOKMARK [2][-]{subsection.2.2}{Simulation Accuracy}{section.2}% 4
\BOOKMARK [2][-]{subsection.2.3}{Common Errors with Simulation Inputs}{section.2}% 5
\BOOKMARK [2][-]{subsection.2.4}{Common Errors with Simulation Algorithms}{section.2}% 6
\BOOKMARK [2][-]{subsection.2.5}{Tuning of Building Models}{section.2}% 7
\BOOKMARK [2][-]{subsection.2.6}{Computational Complexity}{section.2}% 8
\BOOKMARK [2][-]{subsection.2.7}{Evolutionary Computation}{section.2}% 9
\BOOKMARK [1][-]{section.3}{Methodology}{}% 10
\BOOKMARK [2][-]{subsection.3.1}{Base Models}{section.3}% 11
\BOOKMARK [2][-]{subsection.3.2}{Tuning Parameters}{section.3}% 12
\BOOKMARK [2][-]{subsection.3.3}{Measured Data}{section.3}% 13
\BOOKMARK [2][-]{subsection.3.4}{Tuning Accuracy}{section.3}% 14
\BOOKMARK [2][-]{subsection.3.5}{Evolutionary Computation Parameters}{section.3}% 15
\BOOKMARK [1][-]{section.4}{Experiments}{}% 16
\BOOKMARK [2][-]{subsection.4.1}{Experiment 1\204Determining a Fitness Surrogate}{section.4}% 17
\BOOKMARK [2][-]{subsection.4.2}{Experiment 2\204Tuning Using the Abbreviated Schedule}{section.4}% 18
\BOOKMARK [2][-]{subsection.4.3}{Experiment 3\204Tuning Using the Full Schedule}{section.4}% 19
\BOOKMARK [2][-]{subsection.4.4}{Experiment 4\204Tuning Using Both Schedules Serially}{section.4}% 20
\BOOKMARK [2][-]{subsection.4.5}{Experiment 5\204Tuning Using Both Schedules in Parallel}{section.4}% 21
\BOOKMARK [1][-]{section.5}{Conclusions and Future Work}{}% 22
\BOOKMARK [1][-]{section.6}{Acknowledgements}{}% 23
